<?xml version="1.0" encoding="UTF-8"?>
<testsuite name="com.loopy.domain.account.AccountRepositoryTest" tests="1" skipped="0" failures="0" errors="0" timestamp="2021-11-07T02:42:05" hostname="HyungJuns-MacBook-Pro.local" time="0.482">
  <properties/>
  <testcase name="유저정보불러오기" classname="com.loopy.domain.account.AccountRepositoryTest" time="0.482"/>
  <system-out><![CDATA[11:41:57.269 [Test worker] DEBUG org.springframework.test.context.junit4.SpringJUnit4ClassRunner - SpringJUnit4ClassRunner constructor called with [class com.loopy.domain.account.AccountRepositoryTest]
11:41:57.280 [Test worker] DEBUG org.springframework.test.context.BootstrapUtils - Instantiating CacheAwareContextLoaderDelegate from class [org.springframework.test.context.cache.DefaultCacheAwareContextLoaderDelegate]
11:41:57.290 [Test worker] DEBUG org.springframework.test.context.BootstrapUtils - Instantiating BootstrapContext using constructor [public org.springframework.test.context.support.DefaultBootstrapContext(java.lang.Class,org.springframework.test.context.CacheAwareContextLoaderDelegate)]
11:41:57.311 [Test worker] DEBUG org.springframework.test.context.BootstrapUtils - Instantiating TestContextBootstrapper for test class [com.loopy.domain.account.AccountRepositoryTest] from class [org.springframework.boot.test.context.SpringBootTestContextBootstrapper]
11:41:57.322 [Test worker] INFO org.springframework.boot.test.context.SpringBootTestContextBootstrapper - Neither @ContextConfiguration nor @ContextHierarchy found for test class [com.loopy.domain.account.AccountRepositoryTest], using SpringBootContextLoader
11:41:57.330 [Test worker] DEBUG org.springframework.test.context.support.AbstractContextLoader - Did not detect default resource location for test class [com.loopy.domain.account.AccountRepositoryTest]: class path resource [com/loopy/domain/account/AccountRepositoryTest-context.xml] does not exist
11:41:57.332 [Test worker] DEBUG org.springframework.test.context.support.AbstractContextLoader - Did not detect default resource location for test class [com.loopy.domain.account.AccountRepositoryTest]: class path resource [com/loopy/domain/account/AccountRepositoryTestContext.groovy] does not exist
11:41:57.332 [Test worker] INFO org.springframework.test.context.support.AbstractContextLoader - Could not detect default resource locations for test class [com.loopy.domain.account.AccountRepositoryTest]: no resource found for suffixes {-context.xml, Context.groovy}.
11:41:57.334 [Test worker] INFO org.springframework.test.context.support.AnnotationConfigContextLoaderUtils - Could not detect default configuration classes for test class [com.loopy.domain.account.AccountRepositoryTest]: AccountRepositoryTest does not declare any static, non-private, non-final, nested classes annotated with @Configuration.
11:41:57.388 [Test worker] DEBUG org.springframework.test.context.support.ActiveProfilesUtils - Could not find an 'annotation declaring class' for annotation type [org.springframework.test.context.ActiveProfiles] and class [com.loopy.domain.account.AccountRepositoryTest]
11:41:57.505 [Test worker] DEBUG org.springframework.context.annotation.ClassPathScanningCandidateComponentProvider - Identified candidate component class: file [/Users/hyungjungu/Documents/Project/Web/Notherr/ParkingMap/build/classes/java/main/com/loopy/Application.class]
11:41:57.506 [Test worker] INFO org.springframework.boot.test.context.SpringBootTestContextBootstrapper - Found @SpringBootConfiguration com.loopy.Application for test class com.loopy.domain.account.AccountRepositoryTest
11:41:57.710 [Test worker] DEBUG org.springframework.boot.test.context.SpringBootTestContextBootstrapper - @TestExecutionListeners is not present for class [com.loopy.domain.account.AccountRepositoryTest]: using defaults.
11:41:57.711 [Test worker] INFO org.springframework.boot.test.context.SpringBootTestContextBootstrapper - Loaded default TestExecutionListener class names from location [META-INF/spring.factories]: [org.springframework.boot.test.autoconfigure.restdocs.RestDocsTestExecutionListener, org.springframework.boot.test.autoconfigure.web.client.MockRestServiceServerResetTestExecutionListener, org.springframework.boot.test.autoconfigure.web.servlet.MockMvcPrintOnlyOnFailureTestExecutionListener, org.springframework.boot.test.autoconfigure.web.servlet.WebDriverTestExecutionListener, org.springframework.boot.test.mock.mockito.MockitoTestExecutionListener, org.springframework.boot.test.mock.mockito.ResetMocksTestExecutionListener, org.springframework.test.context.web.ServletTestExecutionListener, org.springframework.test.context.support.DirtiesContextBeforeModesTestExecutionListener, org.springframework.test.context.support.DependencyInjectionTestExecutionListener, org.springframework.test.context.support.DirtiesContextTestExecutionListener, org.springframework.test.context.transaction.TransactionalTestExecutionListener, org.springframework.test.context.jdbc.SqlScriptsTestExecutionListener]
11:41:57.742 [Test worker] INFO org.springframework.boot.test.context.SpringBootTestContextBootstrapper - Using TestExecutionListeners: [org.springframework.test.context.web.ServletTestExecutionListener@3546ca87, org.springframework.test.context.support.DirtiesContextBeforeModesTestExecutionListener@3cfaf32e, org.springframework.boot.test.mock.mockito.MockitoTestExecutionListener@ed5bf74, org.springframework.boot.test.autoconfigure.SpringBootDependencyInjectionTestExecutionListener@4564a5d4, org.springframework.test.context.support.DirtiesContextTestExecutionListener@46f55d0d, org.springframework.test.context.transaction.TransactionalTestExecutionListener@2d7db57e, org.springframework.test.context.jdbc.SqlScriptsTestExecutionListener@e7091ba, org.springframework.boot.test.autoconfigure.restdocs.RestDocsTestExecutionListener@6edacfa5, org.springframework.boot.test.autoconfigure.web.client.MockRestServiceServerResetTestExecutionListener@22bea46, org.springframework.boot.test.autoconfigure.web.servlet.MockMvcPrintOnlyOnFailureTestExecutionListener@42bd6938, org.springframework.boot.test.autoconfigure.web.servlet.WebDriverTestExecutionListener@484acd94, org.springframework.boot.test.mock.mockito.ResetMocksTestExecutionListener@705594df]
11:41:57.750 [Test worker] DEBUG org.springframework.test.annotation.ProfileValueUtils - Retrieved @ProfileValueSourceConfiguration [null] for test class [com.loopy.domain.account.AccountRepositoryTest]
11:41:57.750 [Test worker] DEBUG org.springframework.test.annotation.ProfileValueUtils - Retrieved ProfileValueSource type [class org.springframework.test.annotation.SystemProfileValueSource] for class [com.loopy.domain.account.AccountRepositoryTest]
11:41:57.757 [Test worker] DEBUG org.springframework.test.annotation.ProfileValueUtils - Retrieved @ProfileValueSourceConfiguration [null] for test class [com.loopy.domain.account.AccountRepositoryTest]
11:41:57.758 [Test worker] DEBUG org.springframework.test.annotation.ProfileValueUtils - Retrieved ProfileValueSource type [class org.springframework.test.annotation.SystemProfileValueSource] for class [com.loopy.domain.account.AccountRepositoryTest]
11:41:57.760 [Test worker] DEBUG org.springframework.test.annotation.ProfileValueUtils - Retrieved @ProfileValueSourceConfiguration [null] for test class [com.loopy.domain.account.AccountRepositoryTest]
11:41:57.760 [Test worker] DEBUG org.springframework.test.annotation.ProfileValueUtils - Retrieved ProfileValueSource type [class org.springframework.test.annotation.SystemProfileValueSource] for class [com.loopy.domain.account.AccountRepositoryTest]
11:41:57.766 [Test worker] DEBUG org.springframework.test.context.support.AbstractDirtiesContextTestExecutionListener - Before test class: context [DefaultTestContext@186ca9dd testClass = AccountRepositoryTest, testInstance = [null], testMethod = [null], testException = [null], mergedContextConfiguration = [WebMergedContextConfiguration@6cce4802 testClass = AccountRepositoryTest, locations = '{}', classes = '{class com.loopy.Application}', contextInitializerClasses = '[]', activeProfiles = '{}', propertySourceLocations = '{}', propertySourceProperties = '{org.springframework.boot.test.context.SpringBootTestContextBootstrapper=true}', contextCustomizers = set[org.springframework.boot.test.autoconfigure.properties.PropertyMappingContextCustomizer@0, org.springframework.boot.test.autoconfigure.web.servlet.WebDriverContextCustomizerFactory$Customizer@3b333d24, org.springframework.boot.test.context.filter.ExcludeFilterContextCustomizer@8d937b, org.springframework.boot.test.json.DuplicateJsonObjectContextCustomizerFactory$DuplicateJsonObjectContextCustomizer@60aa3280, org.springframework.boot.test.mock.mockito.MockitoContextCustomizer@0, org.springframework.boot.test.web.client.TestRestTemplateContextCustomizer@5ea77b32], resourceBasePath = 'src/main/webapp', contextLoader = 'org.springframework.boot.test.context.SpringBootContextLoader', parent = [null]], attributes = map['org.springframework.test.context.web.ServletTestExecutionListener.activateListener' -> true]], class annotated with @DirtiesContext [false] with mode [null].
11:41:57.767 [Test worker] DEBUG org.springframework.test.annotation.ProfileValueUtils - Retrieved @ProfileValueSourceConfiguration [null] for test class [com.loopy.domain.account.AccountRepositoryTest]
11:41:57.767 [Test worker] DEBUG org.springframework.test.annotation.ProfileValueUtils - Retrieved ProfileValueSource type [class org.springframework.test.annotation.SystemProfileValueSource] for class [com.loopy.domain.account.AccountRepositoryTest]
11:41:57.800 [Test worker] DEBUG org.springframework.test.context.support.TestPropertySourceUtils - Adding inlined properties to environment: {spring.jmx.enabled=false, org.springframework.boot.test.context.SpringBootTestContextBootstrapper=true, server.port=-1}

  .   ____          _            __ _ _
 /\\ / ___'_ __ _ _(_)_ __  __ _ \ \ \ \
( ( )\___ | '_ | '_| | '_ \/ _` | \ \ \ \
 \\/  ___)| |_)| | | | | || (_| |  ) ) ) )
  '  |____| .__|_| |_|_| |_\__, | / / / /
 =========|_|==============|___/=/_/_/_/
 :: Spring Boot ::        (v2.1.9.RELEASE)

2021-11-07 11:41:58.374  INFO 30588 --- [    Test worker] c.l.d.account.AccountRepositoryTest      : Starting AccountRepositoryTest on HyungJuns-MacBook-Pro.local with PID 30588 (started by hyungjungu in /Users/hyungjungu/Documents/Project/Web/Notherr/ParkingMap)
2021-11-07 11:41:58.376  INFO 30588 --- [    Test worker] c.l.d.account.AccountRepositoryTest      : No active profile set, falling back to default profiles: default
2021-11-07 11:41:59.902  INFO 30588 --- [    Test worker] .s.d.r.c.RepositoryConfigurationDelegate : Bootstrapping Spring Data repositories in DEFAULT mode.
2021-11-07 11:42:00.084  INFO 30588 --- [    Test worker] .s.d.r.c.RepositoryConfigurationDelegate : Finished Spring Data repository scanning in 173ms. Found 3 repository interfaces.
2021-11-07 11:42:00.872  INFO 30588 --- [    Test worker] trationDelegate$BeanPostProcessorChecker : Bean 'org.springframework.transaction.annotation.ProxyTransactionManagementConfiguration' of type [org.springframework.transaction.annotation.ProxyTransactionManagementConfiguration$$EnhancerBySpringCGLIB$$f067c20d] is not eligible for getting processed by all BeanPostProcessors (for example: not eligible for auto-proxying)
2021-11-07 11:42:01.182  INFO 30588 --- [    Test worker] com.zaxxer.hikari.HikariDataSource       : HikariPool-1 - Starting...
2021-11-07 11:42:01.391  INFO 30588 --- [    Test worker] com.zaxxer.hikari.HikariDataSource       : HikariPool-1 - Start completed.
2021-11-07 11:42:01.577  INFO 30588 --- [    Test worker] o.hibernate.jpa.internal.util.LogHelper  : HHH000204: Processing PersistenceUnitInfo [
	name: default
	...]
2021-11-07 11:42:01.675  INFO 30588 --- [    Test worker] org.hibernate.Version                    : HHH000412: Hibernate Core {5.3.12.Final}
2021-11-07 11:42:01.676  INFO 30588 --- [    Test worker] org.hibernate.cfg.Environment            : HHH000206: hibernate.properties not found
2021-11-07 11:42:01.923  INFO 30588 --- [    Test worker] o.hibernate.annotations.common.Version   : HCANN000001: Hibernate Commons Annotations {5.0.4.Final}
2021-11-07 11:42:02.096  INFO 30588 --- [    Test worker] org.hibernate.dialect.Dialect            : HHH000400: Using dialect: org.hibernate.dialect.H2Dialect
2021-11-07 11:42:03.178  INFO 30588 --- [    Test worker] o.h.t.schema.internal.SchemaCreatorImpl  : HHH000476: Executing import script 'org.hibernate.tool.schema.internal.exec.ScriptSourceInputNonExistentImpl@3c446b3a'
2021-11-07 11:42:03.182  INFO 30588 --- [    Test worker] j.LocalContainerEntityManagerFactoryBean : Initialized JPA EntityManagerFactory for persistence unit 'default'
2021-11-07 11:42:04.473  INFO 30588 --- [    Test worker] o.s.s.concurrent.ThreadPoolTaskExecutor  : Initializing ExecutorService 'applicationTaskExecutor'
2021-11-07 11:42:04.576  WARN 30588 --- [    Test worker] aWebConfiguration$JpaWebMvcConfiguration : spring.jpa.open-in-view is enabled by default. Therefore, database queries may be performed during view rendering. Explicitly configure spring.jpa.open-in-view to disable this warning
2021-11-07 11:42:04.635  INFO 30588 --- [    Test worker] o.s.b.a.w.s.WelcomePageHandlerMapping    : Adding welcome page template: index
2021-11-07 11:42:05.186  INFO 30588 --- [    Test worker] s.a.ScheduledAnnotationBeanPostProcessor : No TaskScheduler/ScheduledExecutorService bean found for scheduled processing
2021-11-07 11:42:05.197  INFO 30588 --- [    Test worker] c.l.d.account.AccountRepositoryTest      : Started AccountRepositoryTest in 7.372 seconds (JVM running for 9.011)
2021-11-07 11:42:05.469  INFO 30588 --- [    Test worker] o.h.h.i.QueryTranslatorFactoryInitiator  : HHH000397: Using ASTQueryTranslatorFactory
]]></system-out>
  <system-err><![CDATA[]]></system-err>
</testsuite>
